#
# There is insufficient memory for the Java Runtime Environment to continue.
# Native memory allocation (malloc) failed to allocate 1993744 bytes for Chunk::new
# Possible reasons:
#   The system is out of physical RAM or swap space
#   The process is running with CompressedOops enabled, and the Java Heap may be blocking the growth of the native heap
# Possible solutions:
#   Reduce memory load on the system
#   Increase physical memory or swap space
#   Check if swap backing store is full
#   Decrease Java heap size (-Xmx/-Xms)
#   Decrease number of Java threads
#   Decrease Java thread stack sizes (-Xss)
#   Set larger code cache with -XX:ReservedCodeCacheSize=
#   JVM is running with Unscaled Compressed Oops mode in which the Java heap is
#     placed in the first 4GB address space. The Java Heap base address is the
#     maximum limit for the native heap growth. Please use -XX:HeapBaseMinAddress
#     to set the Java Heap base and to place the Java Heap above 4GB virtual address.
# This output file may be truncated or incomplete.
#
#  Out of Memory Error (arena.cpp:191), pid=5276, tid=15988
#
# JRE version: OpenJDK Runtime Environment (17.0.9) (build 17.0.9+0--11185874)
# Java VM: OpenJDK 64-Bit Server VM (17.0.9+0--11185874, mixed mode, tiered, compressed oops, compressed class ptrs, g1 gc, windows-amd64)
# No core dump will be written. Minidumps are not enabled by default on client versions of Windows
#

---------------  S U M M A R Y ------------

Command Line: --add-opens=java.base/java.util=ALL-UNNAMED --add-opens=java.base/java.lang=ALL-UNNAMED --add-opens=java.base/java.lang.invoke=ALL-UNNAMED --add-opens=java.prefs/java.util.prefs=ALL-UNNAMED --add-opens=java.base/java.nio.charset=ALL-UNNAMED --add-opens=java.base/java.net=ALL-UNNAMED --add-opens=java.base/java.util.concurrent.atomic=ALL-UNNAMED -Xmx2048m -Dfile.encoding=UTF-8 -Duser.country=PH -Duser.language=en -Duser.variant -javaagent:C:\Users\Rey Christian\.gradle\wrapper\dists\gradle-8.4-bin\1w5dpkrfk8irigvoxmyhowfim\gradle-8.4\lib\agents\gradle-instrumentation-agent-8.4.jar org.gradle.launcher.daemon.bootstrap.GradleDaemon 8.4

Host: Intel(R) Celeron(R) N4500 @ 1.10GHz, 2 cores, 3G,  Windows 11 , 64 bit Build 22621 (10.0.22621.3527)
Time: Sat May 25 18:54:12 2024 Malay Peninsula Standard Time elapsed time: 103.794263 seconds (0d 0h 1m 43s)

---------------  T H R E A D  ---------------

Current thread (0x000001fcd300cfc0):  JavaThread "C2 CompilerThread0" daemon [_thread_in_native, id=15988, stack(0x0000003c39800000,0x0000003c39900000)]


Current CompileTask:
C2: 103794 5045       4       jdk.internal.org.objectweb.asm.Frame::execute (2305 bytes)

Stack: [0x0000003c39800000,0x0000003c39900000]
Native frames: (J=compiled Java code, j=interpreted, Vv=VM code, C=native code)
V  [jvm.dll+0x6886e9]
V  [jvm.dll+0x841e4a]
V  [jvm.dll+0x843a8e]
V  [jvm.dll+0x8440f3]
V  [jvm.dll+0x24c14f]
V  [jvm.dll+0xac44c]
V  [jvm.dll+0xaca9c]
V  [jvm.dll+0x36c1f7]
V  [jvm.dll+0x33651a]
V  [jvm.dll+0x3359ba]
V  [jvm.dll+0x21ddb1]
V  [jvm.dll+0x21d1d1]
V  [jvm.dll+0x1a674d]
V  [jvm.dll+0x22d088]
V  [jvm.dll+0x22b1c0]
V  [jvm.dll+0x7f62f7]
V  [jvm.dll+0x7f06aa]
V  [jvm.dll+0x687565]
C  [ucrtbase.dll+0x29333]
C  [KERNEL32.DLL+0x1257d]
C  [ntdll.dll+0x5aa48]


---------------  P R O C E S S  ---------------

Threads class SMR info:
_java_thread_list=0x000001fcd5abae60, length=36, elements={
0x000001fcb5b39f00, 0x000001fccebc62d0, 0x000001fccebc7150, 0x000001fccec1c2b0,
0x000001fccec1d040, 0x000001fccec1db00, 0x000001fccebea760, 0x000001fcd300cfc0,
0x000001fcd300e070, 0x000001fcd300f900, 0x000001fcceb60cc0, 0x000001fcd32146a0,
0x000001fcd4caca50, 0x000001fcd3f2e1a0, 0x000001fcd4c87bc0, 0x000001fcd3d207b0,
0x000001fcd4c27030, 0x000001fcd4158f50, 0x000001fcd4158a40, 0x000001fcd41570f0,
0x000001fcd4159970, 0x000001fcd4159460, 0x000001fcd415a390, 0x000001fcd4158530,
0x000001fcd415a8a0, 0x000001fcd4157600, 0x000001fcd4157b10, 0x000001fcd4158020,
0x000001fcd5b85fd0, 0x000001fcd5b87e30, 0x000001fcd5b8b0d0, 0x000001fcd5b88340,
0x000001fcd5b869f0, 0x000001fcd5b8d950, 0x000001fcd5b88850, 0x000001fcd5b88d60
}

Java Threads: ( => current thread )
  0x000001fcb5b39f00 JavaThread "main" [_thread_blocked, id=15092, stack(0x0000003c38b00000,0x0000003c38c00000)]
  0x000001fccebc62d0 JavaThread "Reference Handler" daemon [_thread_blocked, id=13824, stack(0x0000003c39200000,0x0000003c39300000)]
  0x000001fccebc7150 JavaThread "Finalizer" daemon [_thread_blocked, id=15868, stack(0x0000003c39300000,0x0000003c39400000)]
  0x000001fccec1c2b0 JavaThread "Signal Dispatcher" daemon [_thread_blocked, id=11004, stack(0x0000003c39400000,0x0000003c39500000)]
  0x000001fccec1d040 JavaThread "Attach Listener" daemon [_thread_blocked, id=5712, stack(0x0000003c39500000,0x0000003c39600000)]
  0x000001fccec1db00 JavaThread "Service Thread" daemon [_thread_blocked, id=14952, stack(0x0000003c39600000,0x0000003c39700000)]
  0x000001fccebea760 JavaThread "Monitor Deflation Thread" daemon [_thread_blocked, id=10572, stack(0x0000003c39700000,0x0000003c39800000)]
=>0x000001fcd300cfc0 JavaThread "C2 CompilerThread0" daemon [_thread_in_native, id=15988, stack(0x0000003c39800000,0x0000003c39900000)]
  0x000001fcd300e070 JavaThread "C1 CompilerThread0" daemon [_thread_blocked, id=14132, stack(0x0000003c39900000,0x0000003c39a00000)]
  0x000001fcd300f900 JavaThread "Sweeper thread" daemon [_thread_blocked, id=13572, stack(0x0000003c39a00000,0x0000003c39b00000)]
  0x000001fcceb60cc0 JavaThread "Common-Cleaner" daemon [_thread_blocked, id=16380, stack(0x0000003c39b00000,0x0000003c39c00000)]
  0x000001fcd32146a0 JavaThread "Notification Thread" daemon [_thread_blocked, id=9936, stack(0x0000003c39c00000,0x0000003c39d00000)]
  0x000001fcd4caca50 JavaThread "Daemon health stats" [_thread_blocked, id=1740, stack(0x0000003c39f00000,0x0000003c3a000000)]
  0x000001fcd3f2e1a0 JavaThread "Incoming local TCP Connector on port 57918" [_thread_in_native, id=15692, stack(0x0000003c3a000000,0x0000003c3a100000)]
  0x000001fcd4c87bc0 JavaThread "Daemon periodic checks" [_thread_blocked, id=15484, stack(0x0000003c3a100000,0x0000003c3a200000)]
  0x000001fcd3d207b0 JavaThread "Daemon" [_thread_blocked, id=10872, stack(0x0000003c3a200000,0x0000003c3a300000)]
  0x000001fcd4c27030 JavaThread "Handler for socket connection from /127.0.0.1:57918 to /127.0.0.1:57921" [_thread_in_native, id=16316, stack(0x0000003c3a300000,0x0000003c3a400000)]
  0x000001fcd4158f50 JavaThread "Cancel handler" [_thread_blocked, id=11708, stack(0x0000003c3a400000,0x0000003c3a500000)]
  0x000001fcd4158a40 JavaThread "Daemon worker" [_thread_in_native, id=7024, stack(0x0000003c3a500000,0x0000003c3a600000)]
  0x000001fcd41570f0 JavaThread "Asynchronous log dispatcher for DefaultDaemonConnection: socket connection from /127.0.0.1:57918 to /127.0.0.1:57921" [_thread_blocked, id=9060, stack(0x0000003c3a600000,0x0000003c3a700000)]
  0x000001fcd4159970 JavaThread "Stdin handler" [_thread_blocked, id=10356, stack(0x0000003c3a700000,0x0000003c3a800000)]
  0x000001fcd4159460 JavaThread "Daemon client event forwarder" [_thread_blocked, id=1444, stack(0x0000003c3a800000,0x0000003c3a900000)]
  0x000001fcd415a390 JavaThread "Cache worker for journal cache (C:\Users\Rey Christian\.gradle\caches\journal-1)" [_thread_blocked, id=12076, stack(0x0000003c38a00000,0x0000003c38b00000)]
  0x000001fcd4158530 JavaThread "File lock request listener" [_thread_in_native, id=9468, stack(0x0000003c3a900000,0x0000003c3aa00000)]
  0x000001fcd415a8a0 JavaThread "Cache worker for file hash cache (C:\Users\Rey Christian\.gradle\caches\8.4\fileHashes)" [_thread_blocked, id=3284, stack(0x0000003c3ac00000,0x0000003c3ad00000)]
  0x000001fcd4157600 JavaThread "File watcher server" daemon [_thread_in_native, id=6580, stack(0x0000003c3ad00000,0x0000003c3ae00000)]
  0x000001fcd4157b10 JavaThread "File watcher consumer" daemon [_thread_blocked, id=3196, stack(0x0000003c3ae00000,0x0000003c3af00000)]
  0x000001fcd4158020 JavaThread "jar transforms" [_thread_blocked, id=14776, stack(0x0000003c3af00000,0x0000003c3b000000)]
  0x000001fcd5b85fd0 JavaThread "jar transforms Thread 2" [_thread_blocked, id=10728, stack(0x0000003c3b000000,0x0000003c3b100000)]
  0x000001fcd5b87e30 JavaThread "Cache worker for checksums cache (C:\Users\Rey Christian\OneDrive - Cebu Institute of Technology University\Documents\GitHub\MobDev\.gradle\8.4\checksums)" [_thread_blocked, id=14348, stack(0x0000003c3b100000,0x0000003c3b200000)]
  0x000001fcd5b8b0d0 JavaThread "Cache worker for file hash cache (C:\Users\Rey Christian\OneDrive - Cebu Institute of Technology University\Documents\GitHub\MobDev\.gradle\8.4\fileHashes)" [_thread_blocked, id=11036, stack(0x0000003c3b200000,0x0000003c3b300000)]
  0x000001fcd5b88340 JavaThread "Cache worker for cache directory md-supplier (C:\Users\Rey Christian\.gradle\caches\8.4\md-supplier)" [_thread_blocked, id=15400, stack(0x0000003c3b300000,0x0000003c3b400000)]
  0x000001fcd5b869f0 JavaThread "Cache worker for file content cache (C:\Users\Rey Christian\.gradle\caches\8.4\fileContent)" [_thread_blocked, id=9372, stack(0x0000003c3b400000,0x0000003c3b500000)]
  0x000001fcd5b8d950 JavaThread "Cache worker for cache directory md-rule (C:\Users\Rey Christian\.gradle\caches\8.4\md-rule)" [_thread_blocked, id=10736, stack(0x0000003c3b500000,0x0000003c3b600000)]
  0x000001fcd5b88850 JavaThread "Cache worker for execution history cache (C:\Users\Rey Christian\.gradle\caches\8.4\executionHistory)" [_thread_blocked, id=14768, stack(0x0000003c3b600000,0x0000003c3b700000)]
  0x000001fcd5b88d60 JavaThread "Cache worker for kotlin-dsl (C:\Users\Rey Christian\.gradle\caches\8.4\kotlin-dsl)" [_thread_blocked, id=16304, stack(0x0000003c38800000,0x0000003c38900000)]

Other Threads:
  0x000001fcceb818b0 VMThread "VM Thread" [stack: 0x0000003c39100000,0x0000003c39200000] [id=9300]
  0x000001fcb5b3ad80 WatcherThread [stack: 0x0000003c39d00000,0x0000003c39e00000] [id=14204]
  0x000001fcb5b96d90 GCTaskThread "GC Thread#0" [stack: 0x0000003c38c00000,0x0000003c38d00000] [id=9516]
  0x000001fcd331fe20 GCTaskThread "GC Thread#1" [stack: 0x0000003c39e00000,0x0000003c39f00000] [id=11964]
  0x000001fcb5ba7ce0 ConcurrentGCThread "G1 Main Marker" [stack: 0x0000003c38d00000,0x0000003c38e00000] [id=16112]
  0x000001fcb5ba8700 ConcurrentGCThread "G1 Conc#0" [stack: 0x0000003c38e00000,0x0000003c38f00000] [id=15668]
  0x000001fcb5bec9e0 ConcurrentGCThread "G1 Refine#0" [stack: 0x0000003c38f00000,0x0000003c39000000] [id=792]
  0x000001fcb5bed410 ConcurrentGCThread "G1 Service" [stack: 0x0000003c39000000,0x0000003c39100000] [id=6740]

Threads with active compile tasks:
C2 CompilerThread0   103924 5045       4       jdk.internal.org.objectweb.asm.Frame::execute (2305 bytes)

VM state: not at safepoint (normal execution)

VM Mutex/Monitor currently owned by a thread: None

Heap address: 0x0000000080000000, size: 2048 MB, Compressed Oops mode: 32-bit

CDS archive(s) not mapped
Compressed class space mapped at: 0x0000000100000000-0x0000000140000000, reserved size: 1073741824
Narrow klass base: 0x0000000000000000, Narrow klass shift: 3, Narrow klass range: 0x140000000

GC Precious Log:
 CPUs: 2 total, 2 available
 Memory: 3901M
 Large Page Support: Disabled
 NUMA Support: Disabled
 Compressed Oops: Enabled (32-bit)
 Heap Region Size: 1M
 Heap Min Capacity: 8M
 Heap Initial Capacity: 62M
 Heap Max Capacity: 2G
 Pre-touch: Disabled
 Parallel Workers: 2
 Concurrent Workers: 1
 Concurrent Refinement Workers: 2
 Periodic GC: Disabled

Heap:
 garbage-first heap   total 97280K, used 71999K [0x0000000080000000, 0x0000000100000000)
  region size 1024K, 18 young (18432K), 1 survivors (1024K)
 Metaspace       used 54127K, committed 54656K, reserved 1114112K
  class space    used 7222K, committed 7488K, reserved 1048576K

Heap Regions: E=young(eden), S=young(survivor), O=old, HS=humongous(starts), HC=humongous(continues), CS=collection set, F=free, OA=open archive, CA=closed archive, TAMS=top-at-mark-start (previous, next)
|   0|0x0000000080000000, 0x0000000080100000, 0x0000000080100000|100%| O|  |TAMS 0x0000000080100000, 0x0000000080000000| Untracked 
|   1|0x0000000080100000, 0x0000000080200000, 0x0000000080200000|100%| O|  |TAMS 0x0000000080200000, 0x0000000080100000| Untracked 
|   2|0x0000000080200000, 0x0000000080300000, 0x0000000080300000|100%|HS|  |TAMS 0x0000000080300000, 0x0000000080200000| Complete 
|   3|0x0000000080300000, 0x0000000080400000, 0x0000000080400000|100%|HC|  |TAMS 0x0000000080400000, 0x0000000080300000| Complete 
|   4|0x0000000080400000, 0x0000000080500000, 0x0000000080500000|100%|HC|  |TAMS 0x0000000080500000, 0x0000000080400000| Complete 
|   5|0x0000000080500000, 0x0000000080600000, 0x0000000080600000|100%|HC|  |TAMS 0x0000000080600000, 0x0000000080500000| Complete 
|   6|0x0000000080600000, 0x0000000080700000, 0x0000000080700000|100%| O|  |TAMS 0x0000000080700000, 0x0000000080600000| Untracked 
|   7|0x0000000080700000, 0x0000000080800000, 0x0000000080800000|100%| O|  |TAMS 0x0000000080800000, 0x0000000080700000| Untracked 
|   8|0x0000000080800000, 0x0000000080900000, 0x0000000080900000|100%| O|  |TAMS 0x0000000080900000, 0x0000000080800000| Untracked 
|   9|0x0000000080900000, 0x0000000080a00000, 0x0000000080a00000|100%| O|  |TAMS 0x0000000080a00000, 0x0000000080900000| Untracked 
|  10|0x0000000080a00000, 0x0000000080b00000, 0x0000000080b00000|100%| O|  |TAMS 0x0000000080b00000, 0x0000000080a00000| Untracked 
|  11|0x0000000080b00000, 0x0000000080c00000, 0x0000000080c00000|100%| O|  |TAMS 0x0000000080c00000, 0x0000000080b00000| Untracked 
|  12|0x0000000080c00000, 0x0000000080d00000, 0x0000000080d00000|100%| O|  |TAMS 0x0000000080d00000, 0x0000000080c00000| Untracked 
|  13|0x0000000080d00000, 0x0000000080e00000, 0x0000000080e00000|100%| O|  |TAMS 0x0000000080e00000, 0x0000000080d00000| Untracked 
|  14|0x0000000080e00000, 0x0000000080f00000, 0x0000000080f00000|100%| O|  |TAMS 0x0000000080f00000, 0x0000000080e00000| Untracked 
|  15|0x0000000080f00000, 0x0000000081000000, 0x0000000081000000|100%| O|  |TAMS 0x0000000081000000, 0x0000000080f00000| Untracked 
|  16|0x0000000081000000, 0x0000000081100000, 0x0000000081100000|100%| O|  |TAMS 0x0000000081100000, 0x0000000081000000| Untracked 
|  17|0x0000000081100000, 0x0000000081200000, 0x0000000081200000|100%| O|  |TAMS 0x0000000081200000, 0x0000000081100000| Untracked 
|  18|0x0000000081200000, 0x0000000081300000, 0x0000000081300000|100%| O|  |TAMS 0x0000000081300000, 0x0000000081200000| Untracked 
|  19|0x0000000081300000, 0x0000000081400000, 0x0000000081400000|100%|HS|  |TAMS 0x0000000081400000, 0x0000000081300000| Complete 
|  20|0x0000000081400000, 0x0000000081500000, 0x0000000081500000|100%|HC|  |TAMS 0x0000000081500000, 0x0000000081400000| Complete 
|  21|0x0000000081500000, 0x0000000081600000, 0x0000000081600000|100%|HS|  |TAMS 0x0000000081600000, 0x0000000081500000| Complete 
|  22|0x0000000081600000, 0x0000000081700000, 0x0000000081700000|100%|HC|  |TAMS 0x0000000081700000, 0x0000000081600000| Complete 
|  23|0x0000000081700000, 0x0000000081800000, 0x0000000081800000|100%|HC|  |TAMS 0x0000000081800000, 0x0000000081700000| Complete 
|  24|0x0000000081800000, 0x0000000081900000, 0x0000000081900000|100%|HS|  |TAMS 0x0000000081900000, 0x0000000081800000| Complete 
|  25|0x0000000081900000, 0x0000000081a00000, 0x0000000081a00000|100%|HC|  |TAMS 0x0000000081a00000, 0x0000000081900000| Complete 
|  26|0x0000000081a00000, 0x0000000081b00000, 0x0000000081b00000|100%|HC|  |TAMS 0x0000000081b00000, 0x0000000081a00000| Complete 
|  27|0x0000000081b00000, 0x0000000081c00000, 0x0000000081c00000|100%| O|  |TAMS 0x0000000081c00000, 0x0000000081b00000| Untracked 
|  28|0x0000000081c00000, 0x0000000081d00000, 0x0000000081d00000|100%| O|  |TAMS 0x0000000081d00000, 0x0000000081c00000| Untracked 
|  29|0x0000000081d00000, 0x0000000081e00000, 0x0000000081e00000|100%| O|  |TAMS 0x0000000081e00000, 0x0000000081d00000| Untracked 
|  30|0x0000000081e00000, 0x0000000081f00000, 0x0000000081f00000|100%| O|  |TAMS 0x0000000081f00000, 0x0000000081e00000| Untracked 
|  31|0x0000000081f00000, 0x0000000082000000, 0x0000000082000000|100%|HS|  |TAMS 0x0000000082000000, 0x0000000081f00000| Complete 
|  32|0x0000000082000000, 0x0000000082100000, 0x0000000082100000|100%|HC|  |TAMS 0x0000000082100000, 0x0000000082000000| Complete 
|  33|0x0000000082100000, 0x0000000082200000, 0x0000000082200000|100%|HC|  |TAMS 0x0000000082200000, 0x0000000082100000| Complete 
|  34|0x0000000082200000, 0x0000000082300000, 0x0000000082300000|100%| O|  |TAMS 0x0000000082300000, 0x0000000082200000| Untracked 
|  35|0x0000000082300000, 0x0000000082400000, 0x0000000082400000|100%| O|  |TAMS 0x0000000082400000, 0x0000000082300000| Untracked 
|  36|0x0000000082400000, 0x0000000082500000, 0x0000000082500000|100%| O|  |TAMS 0x0000000082500000, 0x0000000082400000| Untracked 
|  37|0x0000000082500000, 0x0000000082600000, 0x0000000082600000|100%| O|  |TAMS 0x0000000082600000, 0x0000000082500000| Untracked 
|  38|0x0000000082600000, 0x0000000082700000, 0x0000000082700000|100%| O|  |TAMS 0x0000000082700000, 0x0000000082600000| Untracked 
|  39|0x0000000082700000, 0x0000000082800000, 0x0000000082800000|100%| O|  |TAMS 0x0000000082800000, 0x0000000082700000| Untracked 
|  40|0x0000000082800000, 0x0000000082900000, 0x0000000082900000|100%| O|  |TAMS 0x0000000082900000, 0x0000000082800000| Untracked 
|  41|0x0000000082900000, 0x0000000082a00000, 0x0000000082a00000|100%| O|  |TAMS 0x0000000082a00000, 0x0000000082900000| Untracked 
|  42|0x0000000082a00000, 0x0000000082b00000, 0x0000000082b00000|100%| O|  |TAMS 0x0000000082b00000, 0x0000000082a00000| Untracked 
|  43|0x0000000082b00000, 0x0000000082c00000, 0x0000000082c00000|100%| O|  |TAMS 0x0000000082c00000, 0x0000000082b00000| Untracked 
|  44|0x0000000082c00000, 0x0000000082d00000, 0x0000000082d00000|100%| O|  |TAMS 0x0000000082d00000, 0x0000000082c00000| Untracked 
|  45|0x0000000082d00000, 0x0000000082e00000, 0x0000000082e00000|100%| O|  |TAMS 0x0000000082e00000, 0x0000000082d00000| Untracked 
|  46|0x0000000082e00000, 0x0000000082f00000, 0x0000000082f00000|100%| O|  |TAMS 0x0000000082f00000, 0x0000000082e00000| Untracked 
|  47|0x0000000082f00000, 0x0000000083000000, 0x0000000083000000|100%|HS|  |TAMS 0x0000000083000000, 0x0000000082f00000| Complete 
|  48|0x0000000083000000, 0x0000000083100000, 0x0000000083100000|100%|HC|  |TAMS 0x0000000083100000, 0x0000000083000000| Complete 
|  49|0x0000000083100000, 0x0000000083200000, 0x0000000083200000|100%|HC|  |TAMS 0x0000000083200000, 0x0000000083100000| Complete 
|  50|0x0000000083200000, 0x0000000083300000, 0x0000000083300000|100%| O|  |TAMS 0x0000000083300000, 0x0000000083200000| Untracked 
|  51|0x0000000083300000, 0x0000000083400000, 0x0000000083400000|100%| O|  |TAMS 0x000000008332fe00, 0x0000000083300000| Untracked 
|  52|0x0000000083400000, 0x0000000083400000, 0x0000000083500000|  0%| F|  |TAMS 0x0000000083400000, 0x0000000083400000| Untracked 
|  53|0x0000000083500000, 0x0000000083600000, 0x0000000083600000|100%| O|  |TAMS 0x0000000083500000, 0x0000000083500000| Untracked 
|  54|0x0000000083600000, 0x00000000836a5800, 0x0000000083700000| 64%| O|  |TAMS 0x0000000083600000, 0x0000000083600000| Untracked 
|  55|0x0000000083700000, 0x0000000083700000, 0x0000000083800000|  0%| F|  |TAMS 0x0000000083700000, 0x0000000083700000| Untracked 
|  56|0x0000000083800000, 0x0000000083800000, 0x0000000083900000|  0%| F|  |TAMS 0x0000000083800000, 0x0000000083800000| Untracked 
|  57|0x0000000083900000, 0x0000000083900000, 0x0000000083a00000|  0%| F|  |TAMS 0x0000000083900000, 0x0000000083900000| Untracked 
|  58|0x0000000083a00000, 0x0000000083a00000, 0x0000000083b00000|  0%| F|  |TAMS 0x0000000083a00000, 0x0000000083a00000| Untracked 
|  59|0x0000000083b00000, 0x0000000083b00000, 0x0000000083c00000|  0%| F|  |TAMS 0x0000000083b00000, 0x0000000083b00000| Untracked 
|  60|0x0000000083c00000, 0x0000000083c00000, 0x0000000083d00000|  0%| F|  |TAMS 0x0000000083c00000, 0x0000000083c00000| Untracked 
|  61|0x0000000083d00000, 0x0000000083d00000, 0x0000000083e00000|  0%| F|  |TAMS 0x0000000083d00000, 0x0000000083d00000| Untracked 
|  62|0x0000000083e00000, 0x0000000083e00000, 0x0000000083f00000|  0%| F|  |TAMS 0x0000000083e00000, 0x0000000083e00000| Untracked 
|  63|0x0000000083f00000, 0x0000000083f00000, 0x0000000084000000|  0%| F|  |TAMS 0x0000000083f00000, 0x0000000083f00000| Untracked 
|  64|0x0000000084000000, 0x0000000084000000, 0x0000000084100000|  0%| F|  |TAMS 0x0000000084000000, 0x0000000084000000| Untracked 
|  65|0x0000000084100000, 0x0000000084100000, 0x0000000084200000|  0%| F|  |TAMS 0x0000000084100000, 0x0000000084100000| Untracked 
|  66|0x0000000084200000, 0x0000000084200000, 0x0000000084300000|  0%| F|  |TAMS 0x0000000084200000, 0x0000000084200000| Untracked 
|  67|0x0000000084300000, 0x0000000084300000, 0x0000000084400000|  0%| F|  |TAMS 0x0000000084300000, 0x0000000084300000| Untracked 
|  68|0x0000000084400000, 0x0000000084400000, 0x0000000084500000|  0%| F|  |TAMS 0x0000000084400000, 0x0000000084400000| Untracked 
|  69|0x0000000084500000, 0x0000000084500000, 0x0000000084600000|  0%| F|  |TAMS 0x0000000084500000, 0x0000000084500000| Untracked 
|  70|0x0000000084600000, 0x0000000084600000, 0x0000000084700000|  0%| F|  |TAMS 0x0000000084600000, 0x0000000084600000| Untracked 
|  71|0x0000000084700000, 0x0000000084700000, 0x0000000084800000|  0%| F|  |TAMS 0x0000000084700000, 0x0000000084700000| Untracked 
|  72|0x0000000084800000, 0x00000000848aa530, 0x0000000084900000| 66%| S|CS|TAMS 0x0000000084800000, 0x0000000084800000| Complete 
|  73|0x0000000084900000, 0x0000000084900000, 0x0000000084a00000|  0%| F|  |TAMS 0x0000000084900000, 0x0000000084900000| Untracked 
|  74|0x0000000084a00000, 0x0000000084a00000, 0x0000000084b00000|  0%| F|  |TAMS 0x0000000084a00000, 0x0000000084a00000| Untracked 
|  75|0x0000000084b00000, 0x0000000084b00000, 0x0000000084c00000|  0%| F|  |TAMS 0x0000000084b00000, 0x0000000084b00000| Untracked 
|  76|0x0000000084c00000, 0x0000000084c00000, 0x0000000084d00000|  0%| F|  |TAMS 0x0000000084c00000, 0x0000000084c00000| Untracked 
|  77|0x0000000084d00000, 0x0000000084d00000, 0x0000000084e00000|  0%| F|  |TAMS 0x0000000084d00000, 0x0000000084d00000| Untracked 
|  78|0x0000000084e00000, 0x0000000084e72a08, 0x0000000084f00000| 44%| E|  |TAMS 0x0000000084e00000, 0x0000000084e00000| Complete 
|  79|0x0000000084f00000, 0x0000000085000000, 0x0000000085000000|100%| E|CS|TAMS 0x0000000084f00000, 0x0000000084f00000| Complete 
|  80|0x0000000085000000, 0x0000000085100000, 0x0000000085100000|100%| E|CS|TAMS 0x0000000085000000, 0x0000000085000000| Complete 
|  81|0x0000000085100000, 0x0000000085200000, 0x0000000085200000|100%| E|CS|TAMS 0x0000000085100000, 0x0000000085100000| Complete 
|  82|0x0000000085200000, 0x0000000085300000, 0x0000000085300000|100%| E|CS|TAMS 0x0000000085200000, 0x0000000085200000| Complete 
|  83|0x0000000085300000, 0x0000000085400000, 0x0000000085400000|100%| E|CS|TAMS 0x0000000085300000, 0x0000000085300000| Complete 
|  84|0x0000000085400000, 0x0000000085500000, 0x0000000085500000|100%| E|CS|TAMS 0x0000000085400000, 0x0000000085400000| Complete 
|  85|0x0000000085500000, 0x0000000085600000, 0x0000000085600000|100%| E|CS|TAMS 0x0000000085500000, 0x0000000085500000| Complete 
|  86|0x0000000085600000, 0x0000000085700000, 0x0000000085700000|100%| E|CS|TAMS 0x0000000085600000, 0x0000000085600000| Complete 
|  87|0x0000000085700000, 0x0000000085800000, 0x0000000085800000|100%| E|CS|TAMS 0x0000000085700000, 0x0000000085700000| Complete 
|  88|0x0000000085800000, 0x0000000085900000, 0x0000000085900000|100%| E|CS|TAMS 0x0000000085800000, 0x0000000085800000| Complete 
|  89|0x0000000085900000, 0x0000000085a00000, 0x0000000085a00000|100%| E|CS|TAMS 0x0000000085900000, 0x0000000085900000| Complete 
|  90|0x0000000085a00000, 0x0000000085b00000, 0x0000000085b00000|100%| E|CS|TAMS 0x0000000085a00000, 0x0000000085a00000| Complete 
|  91|0x0000000085b00000, 0x0000000085c00000, 0x0000000085c00000|100%| E|CS|TAMS 0x0000000085b00000, 0x0000000085b00000| Complete 
|  92|0x0000000085c00000, 0x0000000085d00000, 0x0000000085d00000|100%| E|CS|TAMS 0x0000000085c00000, 0x0000000085c00000| Complete 
|  93|0x0000000085d00000, 0x0000000085e00000, 0x0000000085e00000|100%| E|CS|TAMS 0x0000000085d00000, 0x0000000085d00000| Complete 
|  94|0x0000000085e00000, 0x0000000085f00000, 0x0000000085f00000|100%| E|CS|TAMS 0x0000000085e00000, 0x0000000085e00000| Complete 

Card table byte_map: [0x000001fcc8010000,0x000001fcc8410000] _byte_map_base: 0x000001fcc7c10000

Marking Bits (Prev, Next): (CMBitMap*) 0x000001fcb5b973b0, (CMBitMap*) 0x000001fcb5b973f0
 Prev Bits: [0x000001fcc8810000, 0x000001fcca810000)
 Next Bits: [0x000001fcca810000, 0x000001fccc810000)

Polling page: 0x000001fcb38c0000

Metaspace:

Usage:
  Non-class:     45.81 MB used.
      Class:      7.05 MB used.
       Both:     52.86 MB used.

Virtual space:
  Non-class space:       64.00 MB reserved,      46.06 MB ( 72%) committed,  1 nodes.
      Class space:        1.00 GB reserved,       7.31 MB ( <1%) committed,  1 nodes.
             Both:        1.06 GB reserved,      53.38 MB (  5%) committed. 

Chunk freelists:
   Non-Class:  1.69 MB
       Class:  8.70 MB
        Both:  10.39 MB

MaxMetaspaceSize: unlimited
CompressedClassSpaceSize: 1.00 GB
Initial GC threshold: 21.00 MB
Current GC threshold: 82.81 MB
CDS: off
MetaspaceReclaimPolicy: balanced
 - commit_granule_bytes: 65536.
 - commit_granule_words: 8192.
 - virtual_space_node_default_size: 8388608.
 - enlarge_chunks_in_place: 1.
 - new_chunks_are_fully_committed: 0.
 - uncommit_free_chunks: 1.
 - use_allocation_guard: 0.
 - handle_deallocations: 1.


Internal statistics:

num_allocs_failed_limit: 3.
num_arena_births: 614.
num_arena_deaths: 0.
num_vsnodes_births: 2.
num_vsnodes_deaths: 0.
num_space_committed: 854.
num_space_uncommitted: 0.
num_chunks_returned_to_freelist: 3.
num_chunks_taken_from_freelist: 2384.
num_chunk_merges: 0.
num_chunk_splits: 1560.
num_chunks_enlarged: 1052.
num_inconsistent_stats: 0.

CodeHeap 'non-profiled nmethods': size=120064Kb used=2275Kb max_used=3111Kb free=117788Kb
 bounds [0x000001fcc0ad0000, 0x000001fcc0de0000, 0x000001fcc8010000]
CodeHeap 'profiled nmethods': size=120000Kb used=8617Kb max_used=10174Kb free=111382Kb
 bounds [0x000001fcb9010000, 0x000001fcb9a00000, 0x000001fcc0540000]
CodeHeap 'non-nmethods': size=5696Kb used=2304Kb max_used=2339Kb free=3391Kb
 bounds [0x000001fcc0540000, 0x000001fcc07b0000, 0x000001fcc0ad0000]
 total_blobs=5118 nmethods=4294 adapters=737
 compilation: enabled
              stopped_count=0, restarted_count=0
 full_count=0

Compilation events (20 events):
Event: 102.994 Thread 0x000001fcd300e070 5039       3       org.objectweb.asm.SymbolTable::hash (7 bytes)
Event: 102.994 Thread 0x000001fcd300e070 nmethod 5039 0x000001fcb9426d90 code [0x000001fcb9426f20, 0x000001fcb9427018]
Event: 103.026 Thread 0x000001fcd300cfc0 nmethod 5038 0x000001fcc0b4dd10 code [0x000001fcc0b4df00, 0x000001fcc0b4ede8]
Event: 103.197 Thread 0x000001fcd300e070 5040       3       com.google.common.cache.LocalCache$Segment::newEntry (18 bytes)
Event: 103.198 Thread 0x000001fcd300e070 nmethod 5040 0x000001fcb9172e90 code [0x000001fcb9173060, 0x000001fcb91733b8]
Event: 103.198 Thread 0x000001fcd300cfc0 5041       4       sun.net.www.protocol.jar.Handler::checkNestedProtocol (18 bytes)
Event: 103.208 Thread 0x000001fcd300cfc0 nmethod 5041 0x000001fcc0bbb990 code [0x000001fcc0bbbb40, 0x000001fcc0bbc138]
Event: 103.276 Thread 0x000001fcd300e070 5042       3       sun.reflect.generics.parser.SignatureParser::parseMethodTypeSignature (41 bytes)
Event: 103.277 Thread 0x000001fcd300e070 nmethod 5042 0x000001fcb934dc10 code [0x000001fcb934de40, 0x000001fcb934e358]
Event: 103.283 Thread 0x000001fcd300cfc0 5043       4       java.lang.String::indexOf (113 bytes)
Event: 103.286 Thread 0x000001fcd300cfc0 nmethod 5043 0x000001fcc0adb110 code [0x000001fcc0adb2a0, 0x000001fcc0adb5d8]
Event: 103.286 Thread 0x000001fcd300cfc0 5044       4       java.lang.String::indexOf (18 bytes)
Event: 103.289 Thread 0x000001fcd300cfc0 nmethod 5044 0x000001fcc0b75810 code [0x000001fcc0b759a0, 0x000001fcc0b75d38]
Event: 103.290 Thread 0x000001fcd300cfc0 5045       4       jdk.internal.org.objectweb.asm.Frame::execute (2305 bytes)
Event: 103.394 Thread 0x000001fcd300e070 5046       3       java.lang.reflect.Proxy$ProxyBuilder::addElementType (19 bytes)
Event: 103.395 Thread 0x000001fcd300e070 nmethod 5046 0x000001fcb944b090 code [0x000001fcb944b280, 0x000001fcb944b808]
Event: 103.395 Thread 0x000001fcd300e070 5047       3       java.lang.reflect.Proxy$ProxyBuilder::getElementType (19 bytes)
Event: 103.395 Thread 0x000001fcd300e070 nmethod 5047 0x000001fcb958a010 code [0x000001fcb958a1e0, 0x000001fcb958a498]
Event: 103.395 Thread 0x000001fcd300e070 5048       3       jdk.internal.misc.Unsafe::getAndAddLong (27 bytes)
Event: 103.395 Thread 0x000001fcd300e070 nmethod 5048 0x000001fcb97b7110 code [0x000001fcb97b72c0, 0x000001fcb97b7508]

GC Heap History (20 events):
Event: 88.496 GC heap before
{Heap before GC invocations=22 (full 0):
 garbage-first heap   total 71680K, used 54811K [0x0000000080000000, 0x0000000100000000)
  region size 1024K, 17 young (17408K), 3 survivors (3072K)
 Metaspace       used 43253K, committed 43648K, reserved 1114112K
  class space    used 5803K, committed 5952K, reserved 1048576K
}
Event: 88.511 GC heap after
{Heap after GC invocations=23 (full 0):
 garbage-first heap   total 71680K, used 42887K [0x0000000080000000, 0x0000000100000000)
  region size 1024K, 3 young (3072K), 3 survivors (3072K)
 Metaspace       used 43253K, committed 43648K, reserved 1114112K
  class space    used 5803K, committed 5952K, reserved 1048576K
}
Event: 88.847 GC heap before
{Heap before GC invocations=23 (full 0):
 garbage-first heap   total 71680K, used 57223K [0x0000000080000000, 0x0000000100000000)
  region size 1024K, 17 young (17408K), 3 survivors (3072K)
 Metaspace       used 43625K, committed 43968K, reserved 1114112K
  class space    used 5832K, committed 6016K, reserved 1048576K
}
Event: 88.864 GC heap after
{Heap after GC invocations=24 (full 0):
 garbage-first heap   total 71680K, used 45040K [0x0000000080000000, 0x0000000100000000)
  region size 1024K, 3 young (3072K), 3 survivors (3072K)
 Metaspace       used 43625K, committed 43968K, reserved 1114112K
  class space    used 5832K, committed 6016K, reserved 1048576K
}
Event: 89.544 GC heap before
{Heap before GC invocations=25 (full 0):
 garbage-first heap   total 76800K, used 55280K [0x0000000080000000, 0x0000000100000000)
  region size 1024K, 15 young (15360K), 3 survivors (3072K)
 Metaspace       used 44090K, committed 44480K, reserved 1114112K
  class space    used 5879K, committed 6080K, reserved 1048576K
}
Event: 89.564 GC heap after
{Heap after GC invocations=26 (full 0):
 garbage-first heap   total 76800K, used 46427K [0x0000000080000000, 0x0000000100000000)
  region size 1024K, 2 young (2048K), 2 survivors (2048K)
 Metaspace       used 44090K, committed 44480K, reserved 1114112K
  class space    used 5879K, committed 6080K, reserved 1048576K
}
Event: 89.639 GC heap before
{Heap before GC invocations=27 (full 0):
 garbage-first heap   total 80896K, used 47451K [0x0000000080000000, 0x0000000100000000)
  region size 1024K, 3 young (3072K), 2 survivors (2048K)
 Metaspace       used 44090K, committed 44480K, reserved 1114112K
  class space    used 5879K, committed 6080K, reserved 1048576K
}
Event: 89.644 GC heap after
{Heap after GC invocations=28 (full 0):
 garbage-first heap   total 80896K, used 47035K [0x0000000080000000, 0x0000000100000000)
  region size 1024K, 1 young (1024K), 1 survivors (1024K)
 Metaspace       used 44090K, committed 44480K, reserved 1114112K
  class space    used 5879K, committed 6080K, reserved 1048576K
}
Event: 91.977 GC heap before
{Heap before GC invocations=29 (full 0):
 garbage-first heap   total 89088K, used 67515K [0x0000000080000000, 0x0000000100000000)
  region size 1024K, 18 young (18432K), 1 survivors (1024K)
 Metaspace       used 46933K, committed 47360K, reserved 1114112K
  class space    used 6181K, committed 6400K, reserved 1048576K
}
Event: 91.984 GC heap after
{Heap after GC invocations=30 (full 0):
 garbage-first heap   total 89088K, used 47365K [0x0000000080000000, 0x0000000100000000)
  region size 1024K, 2 young (2048K), 2 survivors (2048K)
 Metaspace       used 46933K, committed 47360K, reserved 1114112K
  class space    used 6181K, committed 6400K, reserved 1048576K
}
Event: 95.146 GC heap before
{Heap before GC invocations=30 (full 0):
 garbage-first heap   total 89088K, used 70917K [0x0000000080000000, 0x0000000100000000)
  region size 1024K, 25 young (25600K), 2 survivors (2048K)
 Metaspace       used 49181K, committed 49664K, reserved 1114112K
  class space    used 6544K, committed 6784K, reserved 1048576K
}
Event: 95.162 GC heap after
{Heap after GC invocations=31 (full 0):
 garbage-first heap   total 89088K, used 49340K [0x0000000080000000, 0x0000000100000000)
  region size 1024K, 4 young (4096K), 4 survivors (4096K)
 Metaspace       used 49181K, committed 49664K, reserved 1114112K
  class space    used 6544K, committed 6784K, reserved 1048576K
}
Event: 96.307 GC heap before
{Heap before GC invocations=32 (full 0):
 garbage-first heap   total 89088K, used 53436K [0x0000000080000000, 0x0000000100000000)
  region size 1024K, 9 young (9216K), 4 survivors (4096K)
 Metaspace       used 49318K, committed 49792K, reserved 1114112K
  class space    used 6564K, committed 6784K, reserved 1048576K
}
Event: 96.319 GC heap after
{Heap after GC invocations=33 (full 0):
 garbage-first heap   total 89088K, used 49890K [0x0000000080000000, 0x0000000100000000)
  region size 1024K, 3 young (3072K), 3 survivors (3072K)
 Metaspace       used 49318K, committed 49792K, reserved 1114112K
  class space    used 6564K, committed 6784K, reserved 1048576K
}
Event: 97.896 GC heap before
{Heap before GC invocations=34 (full 0):
 garbage-first heap   total 92160K, used 66274K [0x0000000080000000, 0x0000000100000000)
  region size 1024K, 18 young (18432K), 3 survivors (3072K)
 Metaspace       used 50375K, committed 50880K, reserved 1114112K
  class space    used 6682K, committed 6912K, reserved 1048576K
}
Event: 97.906 GC heap after
{Heap after GC invocations=35 (full 0):
 garbage-first heap   total 92160K, used 55487K [0x0000000080000000, 0x0000000100000000)
  region size 1024K, 3 young (3072K), 3 survivors (3072K)
 Metaspace       used 50375K, committed 50880K, reserved 1114112K
  class space    used 6682K, committed 6912K, reserved 1048576K
}
Event: 97.996 GC heap before
{Heap before GC invocations=36 (full 0):
 garbage-first heap   total 97280K, used 56511K [0x0000000080000000, 0x0000000100000000)
  region size 1024K, 4 young (4096K), 3 survivors (3072K)
 Metaspace       used 50375K, committed 50880K, reserved 1114112K
  class space    used 6682K, committed 6912K, reserved 1048576K
}
Event: 98.006 GC heap after
{Heap after GC invocations=37 (full 0):
 garbage-first heap   total 97280K, used 56271K [0x0000000080000000, 0x0000000100000000)
  region size 1024K, 1 young (1024K), 1 survivors (1024K)
 Metaspace       used 50375K, committed 50880K, reserved 1114112K
  class space    used 6682K, committed 6912K, reserved 1048576K
}
Event: 100.620 GC heap before
{Heap before GC invocations=38 (full 0):
 garbage-first heap   total 97280K, used 78799K [0x0000000080000000, 0x0000000100000000)
  region size 1024K, 22 young (22528K), 1 survivors (1024K)
 Metaspace       used 52222K, committed 52736K, reserved 1114112K
  class space    used 6867K, committed 7104K, reserved 1048576K
}
Event: 100.624 GC heap after
{Heap after GC invocations=39 (full 0):
 garbage-first heap   total 97280K, used 55615K [0x0000000080000000, 0x0000000100000000)
  region size 1024K, 1 young (1024K), 1 survivors (1024K)
 Metaspace       used 52222K, committed 52736K, reserved 1114112K
  class space    used 6867K, committed 7104K, reserved 1048576K
}

Dll operation events (3 events):
Event: 3.043 Loaded shared library C:\Program Files\Android\Android Studio1\jbr\bin\java.dll
Event: 5.824 Loaded shared library C:\Program Files\Android\Android Studio1\jbr\bin\zip.dll
Event: 12.855 Loaded shared library C:\Program Files\Android\Android Studio1\jbr\bin\verify.dll

Deoptimization events (20 events):
Event: 101.936 Thread 0x000001fcd4158a40 Uncommon trap: trap_request=0xffffffde fr.pc=0x000001fcc0d64f28 relative=0x0000000000000508
Event: 101.936 Thread 0x000001fcd4158a40 Uncommon trap: reason=class_check action=maybe_recompile pc=0x000001fcc0d64f28 method=jdk.internal.loader.URLClassPath.getResource(Ljava/lang/String;Z)Ljdk/internal/loader/Resource; @ 53 c2
Event: 101.936 Thread 0x000001fcd4158a40 DEOPT PACKING pc=0x000001fcc0d64f28 sp=0x0000003c3a5f8be0
Event: 101.936 Thread 0x000001fcd4158a40 DEOPT UNPACKING pc=0x000001fcc059699d sp=0x0000003c3a5f8ba0 mode 2
Event: 102.161 Thread 0x000001fcd4158a40 Uncommon trap: trap_request=0xffffffde fr.pc=0x000001fcc0d2ecc0 relative=0x0000000000001b20
Event: 102.161 Thread 0x000001fcd4158a40 Uncommon trap: reason=class_check action=maybe_recompile pc=0x000001fcc0d2ecc0 method=jdk.internal.loader.URLClassPath.getLoader(I)Ljdk/internal/loader/URLClassPath$Loader; @ 190 c2
Event: 102.161 Thread 0x000001fcd4158a40 DEOPT PACKING pc=0x000001fcc0d2ecc0 sp=0x0000003c3a5f8700
Event: 102.161 Thread 0x000001fcd4158a40 DEOPT UNPACKING pc=0x000001fcc059699d sp=0x0000003c3a5f86f0 mode 2
Event: 102.161 Thread 0x000001fcd4158a40 Uncommon trap: trap_request=0xffffffde fr.pc=0x000001fcc0d64f28 relative=0x0000000000000508
Event: 102.161 Thread 0x000001fcd4158a40 Uncommon trap: reason=class_check action=maybe_recompile pc=0x000001fcc0d64f28 method=jdk.internal.loader.URLClassPath.getResource(Ljava/lang/String;Z)Ljdk/internal/loader/Resource; @ 53 c2
Event: 102.161 Thread 0x000001fcd4158a40 DEOPT PACKING pc=0x000001fcc0d64f28 sp=0x0000003c3a5f87c0
Event: 102.161 Thread 0x000001fcd4158a40 DEOPT UNPACKING pc=0x000001fcc059699d sp=0x0000003c3a5f8780 mode 2
Event: 102.173 Thread 0x000001fcd4158a40 Uncommon trap: trap_request=0xffffffde fr.pc=0x000001fcc0d2ecc0 relative=0x0000000000001b20
Event: 102.173 Thread 0x000001fcd4158a40 Uncommon trap: reason=class_check action=maybe_recompile pc=0x000001fcc0d2ecc0 method=jdk.internal.loader.URLClassPath.getLoader(I)Ljdk/internal/loader/URLClassPath$Loader; @ 190 c2
Event: 102.173 Thread 0x000001fcd4158a40 DEOPT PACKING pc=0x000001fcc0d2ecc0 sp=0x0000003c3a5f85c0
Event: 102.173 Thread 0x000001fcd4158a40 DEOPT UNPACKING pc=0x000001fcc059699d sp=0x0000003c3a5f85b0 mode 2
Event: 102.173 Thread 0x000001fcd4158a40 Uncommon trap: trap_request=0xffffffde fr.pc=0x000001fcc0d64f28 relative=0x0000000000000508
Event: 102.173 Thread 0x000001fcd4158a40 Uncommon trap: reason=class_check action=maybe_recompile pc=0x000001fcc0d64f28 method=jdk.internal.loader.URLClassPath.getResource(Ljava/lang/String;Z)Ljdk/internal/loader/Resource; @ 53 c2
Event: 102.173 Thread 0x000001fcd4158a40 DEOPT PACKING pc=0x000001fcc0d64f28 sp=0x0000003c3a5f8680
Event: 102.173 Thread 0x000001fcd4158a40 DEOPT UNPACKING pc=0x000001fcc059699d sp=0x0000003c3a5f8640 mode 2

Classes unloaded (0 events):
No events

Classes redefined (0 events):
No events

Internal exceptions (20 events):
Event: 99.923 Thread 0x000001fcd4158a40 Exception <a 'sun/nio/fs/WindowsException'{0x0000000085ab4ca8}> (0x0000000085ab4ca8) 
thrown [s\src\hotspot\share\prims\jni.cpp, line 517]
Event: 99.936 Thread 0x000001fcd4158a40 Exception <a 'sun/nio/fs/WindowsException'{0x0000000085ab6538}> (0x0000000085ab6538) 
thrown [s\src\hotspot\share\prims\jni.cpp, line 517]
Event: 99.947 Thread 0x000001fcd4158a40 Exception <a 'java/lang/NoSuchMethodError'{0x0000000085ac87e0}: 'java.lang.Object java.lang.invoke.Invokers$Holder.invoker(java.lang.Object, java.lang.Object, java.lang.Object, java.lang.Object, java.lang.Object, java.lang.Object, java.lang.Object, java.lang.Object, java.lang.Object)'> (0x0000000085ac87e0) 
thrown [s\src\hotspot\share\interpreter\linkResolver.cpp, line 771]
Event: 99.991 Thread 0x000001fcd4158a40 Exception <a 'java/lang/NoSuchMethodError'{0x000000008597f8b0}: 'java.lang.Object java.lang.invoke.Invokers$Holder.invoker(java.lang.Object, java.lang.Object, java.lang.Object, java.lang.Object)'> (0x000000008597f8b0) 
thrown [s\src\hotspot\share\interpreter\linkResolver.cpp, line 771]
Event: 100.051 Thread 0x000001fcd4158a40 Exception <a 'java/lang/NoSuchMethodError'{0x000000008582e7a8}: 'java.lang.Object java.lang.invoke.DelegatingMethodHandle$Holder.reinvoke_L(java.lang.Object, java.lang.Object, java.lang.Object, java.lang.Object, java.lang.Object, java.lang.Object, java.lang.Object, java.lang.Object, java.lang.Object, java.lang.Object, java.lang.Object, java.lang.Object, java.lang.Object, java.lang.Object, java.lang.Object, java.lang.Object, java.lang.Object, java.lang.Object, java.lang.Object, java.lang.Object, java.lang.O
Event: 100.052 Thread 0x000001fcd4158a40 Exception <a 'java/lang/NoSuchMethodError'{0x000000008583a360}: 'java.lang.Object java.lang.invoke.Invokers$Holder.invoker(java.lang.Object, java.lang.Object, java.lang.Object, java.lang.Object, java.lang.Object, java.lang.Object, java.lang.Object, java.lang.Object, java.lang.Object, java.lang.Object, java.lang.Object, java.lang.Object, java.lang.Object, java.lang.Object, java.lang.Object, java.lang.Object, java.lang.Object, java.lang.Object, java.lang.Object, java.lang.Object, java.lang.Object, java.lang.
Event: 100.053 Thread 0x000001fcd4158a40 Exception <a 'java/lang/NoSuchMethodError'{0x0000000085840f68}: 'java.lang.Object java.lang.invoke.DelegatingMethodHandle$Holder.delegate(java.lang.Object, java.lang.Object, java.lang.Object, java.lang.Object, java.lang.Object, java.lang.Object, java.lang.Object, java.lang.Object, java.lang.Object, java.lang.Object, java.lang.Object, java.lang.Object, java.lang.Object, java.lang.Object, java.lang.Object, java.lang.Object, java.lang.Object, java.lang.Object, java.lang.Object, java.lang.Object, java.lang.Obj
Event: 100.086 Thread 0x000001fcd4158a40 Exception <a 'java/lang/NoSuchMethodError'{0x00000000858d6078}: 'java.lang.Object java.lang.invoke.DirectMethodHandle$Holder.invokeStatic(java.lang.Object, java.lang.Object, java.lang.Object, java.lang.Object, java.lang.Object, java.lang.Object, java.lang.Object, java.lang.Object, java.lang.Object, java.lang.Object, java.lang.Object, java.lang.Object, java.lang.Object, java.lang.Object, java.lang.Object, java.lang.Object, java.lang.Object)'> (0x00000000858d6078) 
thrown [s\src\hotspot\share\interpreter\lin
Event: 100.094 Thread 0x000001fcd4158a40 Exception <a 'java/lang/NoSuchMethodError'{0x00000000857009a0}: 'java.lang.Object java.lang.invoke.DirectMethodHandle$Holder.invokeStatic(java.lang.Object, java.lang.Object, java.lang.Object, java.lang.Object, java.lang.Object, java.lang.Object, java.lang.Object, java.lang.Object, java.lang.Object, java.lang.Object, java.lang.Object, java.lang.Object, java.lang.Object, java.lang.Object, java.lang.Object, java.lang.Object, java.lang.Object, java.lang.Object)'> (0x00000000857009a0) 
thrown [s\src\hotspot\sha
Event: 100.102 Thread 0x000001fcd4158a40 Exception <a 'java/lang/NoSuchMethodError'{0x000000008572b000}: 'java.lang.Object java.lang.invoke.DirectMethodHandle$Holder.invokeStatic(java.lang.Object, java.lang.Object, java.lang.Object, java.lang.Object, java.lang.Object, java.lang.Object, java.lang.Object, java.lang.Object, java.lang.Object, java.lang.Object, java.lang.Object, java.lang.Object, java.lang.Object, java.lang.Object, java.lang.Object, java.lang.Object, java.lang.Object, java.lang.Object, java.lang.Object)'> (0x000000008572b000) 
thrown 
Event: 100.111 Thread 0x000001fcd4158a40 Exception <a 'java/lang/NoSuchMethodError'{0x00000000857562b0}: 'java.lang.Object java.lang.invoke.DirectMethodHandle$Holder.invokeStatic(java.lang.Object, java.lang.Object, java.lang.Object, java.lang.Object, java.lang.Object, java.lang.Object, java.lang.Object, java.lang.Object, java.lang.Object, java.lang.Object, java.lang.Object, java.lang.Object, java.lang.Object, java.lang.Object, java.lang.Object, java.lang.Object, java.lang.Object, java.lang.Object, java.lang.Object, java.lang.Object)'> (0x00000000
Event: 100.152 Thread 0x000001fcd4158a40 Exception <a 'java/lang/NoSuchMethodError'{0x00000000857828e8}: 'java.lang.Object java.lang.invoke.DirectMethodHandle$Holder.invokeStatic(java.lang.Object, java.lang.Object, java.lang.Object, java.lang.Object, java.lang.Object, java.lang.Object, java.lang.Object, java.lang.Object, java.lang.Object, java.lang.Object, java.lang.Object, java.lang.Object, java.lang.Object, java.lang.Object, java.lang.Object, java.lang.Object, java.lang.Object, java.lang.Object, java.lang.Object, java.lang.Object, java.lang.Obj
Event: 100.160 Thread 0x000001fcd4158a40 Exception <a 'java/lang/NoSuchMethodError'{0x00000000857afe30}: 'java.lang.Object java.lang.invoke.DirectMethodHandle$Holder.invokeStatic(java.lang.Object, java.lang.Object, java.lang.Object, java.lang.Object, java.lang.Object, java.lang.Object, java.lang.Object, java.lang.Object, java.lang.Object, java.lang.Object, java.lang.Object, java.lang.Object, java.lang.Object, java.lang.Object, java.lang.Object, java.lang.Object, java.lang.Object, java.lang.Object, java.lang.Object, java.lang.Object, java.lang.Obj
Event: 100.186 Thread 0x000001fcd4158a40 Exception <a 'java/lang/NoSuchMethodError'{0x00000000857de9e8}: 'java.lang.Object java.lang.invoke.DirectMethodHandle$Holder.invokeStatic(java.lang.Object, java.lang.Object, java.lang.Object, java.lang.Object, java.lang.Object, java.lang.Object, java.lang.Object, java.lang.Object, java.lang.Object, java.lang.Object, java.lang.Object, java.lang.Object, java.lang.Object, java.lang.Object, java.lang.Object, java.lang.Object, java.lang.Object, java.lang.Object, java.lang.Object, java.lang.Object, java.lang.Obj
Event: 100.194 Thread 0x000001fcd4158a40 Exception <a 'java/lang/NoSuchMethodError'{0x000000008560ea08}: 'java.lang.Object java.lang.invoke.DirectMethodHandle$Holder.invokeStatic(java.lang.Object, java.lang.Object, java.lang.Object, java.lang.Object, java.lang.Object, java.lang.Object, java.lang.Object, java.lang.Object, java.lang.Object, java.lang.Object, java.lang.Object, java.lang.Object, java.lang.Object, java.lang.Object, java.lang.Object, java.lang.Object, java.lang.Object, java.lang.Object, java.lang.Object, java.lang.Object, java.lang.Obj
Event: 100.197 Thread 0x000001fcd4158a40 Exception <a 'java/lang/NoSuchMethodError'{0x0000000085640030}: 'java.lang.Object java.lang.invoke.DirectMethodHandle$Holder.invokeStatic(java.lang.Object, java.lang.Object, java.lang.Object, java.lang.Object, java.lang.Object, java.lang.Object, java.lang.Object, java.lang.Object, java.lang.Object, java.lang.Object, java.lang.Object, java.lang.Object, java.lang.Object, java.lang.Object, java.lang.Object, java.lang.Object, java.lang.Object, java.lang.Object, java.lang.Object, java.lang.Object, java.lang.Obj
Event: 100.578 Thread 0x000001fcd4158a40 Exception <a 'java/lang/IncompatibleClassChangeError'{0x000000008495b8f0}: Found class java.lang.Object, but interface was expected> (0x000000008495b8f0) 
thrown [s\src\hotspot\share\interpreter\linkResolver.cpp, line 838]
Event: 100.959 Thread 0x000001fcd4158a40 Exception <a 'java/lang/IncompatibleClassChangeError'{0x0000000085dde780}: Found class java.lang.Object, but interface was expected> (0x0000000085dde780) 
thrown [s\src\hotspot\share\interpreter\linkResolver.cpp, line 838]
Event: 101.510 Thread 0x000001fcd4158a40 Exception <a 'java/lang/NoSuchMethodError'{0x0000000085b6f5f0}: 'int java.lang.invoke.DirectMethodHandle$Holder.invokeStaticInit(java.lang.Object, java.lang.Object, java.lang.Object, java.lang.Object, java.lang.Object)'> (0x0000000085b6f5f0) 
thrown [s\src\hotspot\share\interpreter\linkResolver.cpp, line 771]
Event: 102.562 Thread 0x000001fcd4158a40 Exception <a 'java/lang/IncompatibleClassChangeError'{0x00000000853126f8}: Found class java.lang.Object, but interface was expected> (0x00000000853126f8) 
thrown [s\src\hotspot\share\interpreter\linkResolver.cpp, line 838]

VM Operations (20 events):
Event: 98.099 Executing VM operation: G1PauseCleanup
Event: 98.099 Executing VM operation: G1PauseCleanup done
Event: 99.104 Executing VM operation: Cleanup
Event: 99.104 Executing VM operation: Cleanup done
Event: 100.081 Executing VM operation: HandshakeAllThreads
Event: 100.140 Executing VM operation: HandshakeAllThreads done
Event: 100.141 Executing VM operation: Cleanup
Event: 100.145 Executing VM operation: Cleanup done
Event: 100.162 Executing VM operation: HandshakeAllThreads
Event: 100.163 Executing VM operation: HandshakeAllThreads done
Event: 100.182 Executing VM operation: HandshakeAllThreads
Event: 100.219 Executing VM operation: HandshakeAllThreads done
Event: 100.586 Executing VM operation: HandshakeAllThreads
Event: 100.586 Executing VM operation: HandshakeAllThreads done
Event: 100.620 Executing VM operation: G1CollectForAllocation
Event: 100.624 Executing VM operation: G1CollectForAllocation done
Event: 101.639 Executing VM operation: Cleanup
Event: 101.639 Executing VM operation: Cleanup done
Event: 102.653 Executing VM operation: Cleanup
Event: 102.660 Executing VM operation: Cleanup done

Events (20 events):
Event: 100.811 loading class java/util/stream/ReduceOps$5ReducingSink
Event: 100.811 loading class java/util/stream/ReduceOps$5ReducingSink done
Event: 100.811 loading class java/util/stream/ReferencePipeline$4$1
Event: 100.811 loading class java/util/stream/ReferencePipeline$4$1 done
Event: 101.691 loading class jdk/internal/loader/URLClassPath$FileLoader
Event: 101.692 loading class jdk/internal/loader/URLClassPath$FileLoader done
Event: 101.772 loading class jdk/internal/loader/URLClassPath$FileLoader$1
Event: 101.772 loading class jdk/internal/loader/URLClassPath$FileLoader$1 done
Event: 102.138 loading class java/util/concurrent/atomic/AtomicReferenceFieldUpdater
Event: 102.139 loading class java/util/concurrent/atomic/AtomicReferenceFieldUpdater done
Event: 102.140 loading class java/util/concurrent/atomic/AtomicReferenceFieldUpdater$AtomicReferenceFieldUpdaterImpl
Event: 102.144 loading class java/util/concurrent/atomic/AtomicReferenceFieldUpdater$AtomicReferenceFieldUpdaterImpl done
Event: 102.144 loading class java/util/concurrent/atomic/AtomicReferenceFieldUpdater$AtomicReferenceFieldUpdaterImpl$1
Event: 102.146 loading class java/util/concurrent/atomic/AtomicReferenceFieldUpdater$AtomicReferenceFieldUpdaterImpl$1 done
Event: 102.964 loading class jdk/internal/math/FDBigInteger
Event: 102.966 loading class jdk/internal/math/FDBigInteger done
Event: 103.039 loading class java/util/zip/GZIPInputStream
Event: 103.057 loading class java/util/zip/GZIPInputStream done
Event: 103.058 loading class java/util/zip/GZIPOutputStream
Event: 103.058 loading class java/util/zip/GZIPOutputStream done


Dynamic libraries:
0x00007ff6fc530000 - 0x00007ff6fc53a000 	C:\Program Files\Android\Android Studio1\jbr\bin\java.exe
0x00007ffed7630000 - 0x00007ffed7847000 	C:\WINDOWS\SYSTEM32\ntdll.dll
0x00007ffed5f50000 - 0x00007ffed6014000 	C:\WINDOWS\System32\KERNEL32.DLL
0x00007ffed4b50000 - 0x00007ffed4ef7000 	C:\WINDOWS\System32\KERNELBASE.dll
0x00007ffed5120000 - 0x00007ffed5231000 	C:\WINDOWS\System32\ucrtbase.dll
0x00007ffe639b0000 - 0x00007ffe639c7000 	C:\Program Files\Android\Android Studio1\jbr\bin\jli.dll
0x00007ffed7440000 - 0x00007ffed75ee000 	C:\WINDOWS\System32\USER32.dll
0x00007ffed4a60000 - 0x00007ffed4a86000 	C:\WINDOWS\System32\win32u.dll
0x00007ffed6170000 - 0x00007ffed6199000 	C:\WINDOWS\System32\GDI32.dll
0x00007ffed5240000 - 0x00007ffed5359000 	C:\WINDOWS\System32\gdi32full.dll
0x00007ffed49c0000 - 0x00007ffed4a5a000 	C:\WINDOWS\System32\msvcp_win.dll
0x00007ffec3a00000 - 0x00007ffec3c93000 	C:\WINDOWS\WinSxS\amd64_microsoft.windows.common-controls_6595b64144ccf1df_6.0.22621.3527_none_270e469b73872a76\COMCTL32.dll
0x00007ffed6620000 - 0x00007ffed66c7000 	C:\WINDOWS\System32\msvcrt.dll
0x00007ffecd460000 - 0x00007ffecd47b000 	C:\Program Files\Android\Android Studio1\jbr\bin\VCRUNTIME140.dll
0x00007ffed6030000 - 0x00007ffed6061000 	C:\WINDOWS\System32\IMM32.DLL
0x00007ffecd4b0000 - 0x00007ffecd4bc000 	C:\Program Files\Android\Android Studio1\jbr\bin\vcruntime140_1.dll
0x00007ffeac0b0000 - 0x00007ffeac13d000 	C:\Program Files\Android\Android Studio1\jbr\bin\msvcp140.dll
0x00007ffe63f70000 - 0x00007ffe64bf3000 	C:\Program Files\Android\Android Studio1\jbr\bin\server\jvm.dll
0x00007ffed6400000 - 0x00007ffed64b2000 	C:\WINDOWS\System32\ADVAPI32.dll
0x00007ffed60c0000 - 0x00007ffed6168000 	C:\WINDOWS\System32\sechost.dll
0x00007ffed4f80000 - 0x00007ffed4fa8000 	C:\WINDOWS\System32\bcrypt.dll
0x00007ffed70f0000 - 0x00007ffed7205000 	C:\WINDOWS\System32\RPCRT4.dll
0x00007ffeccc40000 - 0x00007ffeccc74000 	C:\WINDOWS\SYSTEM32\WINMM.dll
0x00007ffec5210000 - 0x00007ffec521a000 	C:\WINDOWS\SYSTEM32\VERSION.dll
0x00007ffed41b0000 - 0x00007ffed41fd000 	C:\WINDOWS\SYSTEM32\POWRPROF.dll
0x00007ffebb370000 - 0x00007ffebb379000 	C:\WINDOWS\SYSTEM32\WSOCK32.dll
0x00007ffed7070000 - 0x00007ffed70e1000 	C:\WINDOWS\System32\WS2_32.dll
0x00007ffed4190000 - 0x00007ffed41a3000 	C:\WINDOWS\SYSTEM32\UMPDC.dll
0x00007ffed3930000 - 0x00007ffed3948000 	C:\WINDOWS\SYSTEM32\kernel.appcore.dll
0x00007ffe784e0000 - 0x00007ffe784ea000 	C:\Program Files\Android\Android Studio1\jbr\bin\jimage.dll
0x00007ffed25f0000 - 0x00007ffed2822000 	C:\WINDOWS\SYSTEM32\DBGHELP.DLL
0x00007ffed66d0000 - 0x00007ffed6a58000 	C:\WINDOWS\System32\combase.dll
0x00007ffed5c30000 - 0x00007ffed5d07000 	C:\WINDOWS\System32\OLEAUT32.dll
0x00007ffeb4830000 - 0x00007ffeb4862000 	C:\WINDOWS\SYSTEM32\dbgcore.DLL
0x00007ffed4f00000 - 0x00007ffed4f79000 	C:\WINDOWS\System32\bcryptPrimitives.dll
0x00007ffe639d0000 - 0x00007ffe639de000 	C:\Program Files\Android\Android Studio1\jbr\bin\instrument.dll
0x00007ffe65890000 - 0x00007ffe658b5000 	C:\Program Files\Android\Android Studio1\jbr\bin\java.dll
0x00007ffe65870000 - 0x00007ffe65888000 	C:\Program Files\Android\Android Studio1\jbr\bin\zip.dll
0x00007ffed5360000 - 0x00007ffed5bbc000 	C:\WINDOWS\System32\SHELL32.dll
0x00007ffed2830000 - 0x00007ffed3126000 	C:\WINDOWS\SYSTEM32\windows.storage.dll
0x00007ffed24b0000 - 0x00007ffed25ee000 	C:\WINDOWS\SYSTEM32\wintypes.dll
0x00007ffed61a0000 - 0x00007ffed6295000 	C:\WINDOWS\System32\SHCORE.dll
0x00007ffed7000000 - 0x00007ffed705e000 	C:\WINDOWS\System32\shlwapi.dll
0x00007ffed4880000 - 0x00007ffed48a1000 	C:\WINDOWS\SYSTEM32\profapi.dll
0x00007ffe65740000 - 0x00007ffe65759000 	C:\Program Files\Android\Android Studio1\jbr\bin\net.dll
0x00007ffecc5f0000 - 0x00007ffecc726000 	C:\WINDOWS\SYSTEM32\WINHTTP.dll
0x00007ffed3da0000 - 0x00007ffed3e09000 	C:\WINDOWS\system32\mswsock.dll
0x00007ffe63f50000 - 0x00007ffe63f66000 	C:\Program Files\Android\Android Studio1\jbr\bin\nio.dll
0x00007ffe63b50000 - 0x00007ffe63b60000 	C:\Program Files\Android\Android Studio1\jbr\bin\verify.dll
0x00007ffec2840000 - 0x00007ffec2867000 	C:\Users\Rey Christian\.gradle\native\c067742578af261105cb4f569cf0c3c89f3d7b1fecec35dd04571415982c5e48\windows-amd64\native-platform.dll
0x00007ffe94120000 - 0x00007ffe94264000 	C:\Users\Rey Christian\.gradle\native\38dada09dfb8b06ba9b0570ebf7e218e3eb74d4ef43ca46872605cf95ebc2f47\windows-amd64\native-platform-file-events.dll
0x00007ffe65730000 - 0x00007ffe65739000 	C:\Program Files\Android\Android Studio1\jbr\bin\management.dll
0x00007ffe65660000 - 0x00007ffe6566b000 	C:\Program Files\Android\Android Studio1\jbr\bin\management_ext.dll
0x00007ffed7060000 - 0x00007ffed7068000 	C:\WINDOWS\System32\PSAPI.DLL
0x00007ffed4090000 - 0x00007ffed40ab000 	C:\WINDOWS\SYSTEM32\CRYPTSP.dll
0x00007ffed3890000 - 0x00007ffed38c5000 	C:\WINDOWS\system32\rsaenh.dll
0x00007ffed3ec0000 - 0x00007ffed3ee8000 	C:\WINDOWS\SYSTEM32\USERENV.dll
0x00007ffed40b0000 - 0x00007ffed40bc000 	C:\WINDOWS\SYSTEM32\CRYPTBASE.dll
0x00007ffed3430000 - 0x00007ffed345d000 	C:\WINDOWS\SYSTEM32\IPHLPAPI.DLL
0x00007ffed6550000 - 0x00007ffed6559000 	C:\WINDOWS\System32\NSI.dll
0x00007ffecc5d0000 - 0x00007ffecc5e9000 	C:\WINDOWS\SYSTEM32\dhcpcsvc6.DLL
0x00007ffecc5b0000 - 0x00007ffecc5cf000 	C:\WINDOWS\SYSTEM32\dhcpcsvc.DLL
0x00007ffed3460000 - 0x00007ffed3558000 	C:\WINDOWS\SYSTEM32\DNSAPI.dll
0x00007ffeccc90000 - 0x00007ffeccc98000 	C:\WINDOWS\system32\wshunix.dll

dbghelp: loaded successfully - version: 4.0.5 - missing functions: none
symbol engine: initialized successfully - sym options: 0x614 - pdb path: .;C:\Program Files\Android\Android Studio1\jbr\bin;C:\WINDOWS\SYSTEM32;C:\WINDOWS\WinSxS\amd64_microsoft.windows.common-controls_6595b64144ccf1df_6.0.22621.3527_none_270e469b73872a76;C:\Program Files\Android\Android Studio1\jbr\bin\server;C:\Users\Rey Christian\.gradle\native\c067742578af261105cb4f569cf0c3c89f3d7b1fecec35dd04571415982c5e48\windows-amd64;C:\Users\Rey Christian\.gradle\native\38dada09dfb8b06ba9b0570ebf7e218e3eb74d4ef43ca46872605cf95ebc2f47\windows-amd64

VM Arguments:
jvm_args: --add-opens=java.base/java.util=ALL-UNNAMED --add-opens=java.base/java.lang=ALL-UNNAMED --add-opens=java.base/java.lang.invoke=ALL-UNNAMED --add-opens=java.prefs/java.util.prefs=ALL-UNNAMED --add-opens=java.base/java.nio.charset=ALL-UNNAMED --add-opens=java.base/java.net=ALL-UNNAMED --add-opens=java.base/java.util.concurrent.atomic=ALL-UNNAMED -Xmx2048m -Dfile.encoding=UTF-8 -Duser.country=PH -Duser.language=en -Duser.variant -javaagent:C:\Users\Rey Christian\.gradle\wrapper\dists\gradle-8.4-bin\1w5dpkrfk8irigvoxmyhowfim\gradle-8.4\lib\agents\gradle-instrumentation-agent-8.4.jar 
java_command: org.gradle.launcher.daemon.bootstrap.GradleDaemon 8.4
java_class_path (initial): C:\Users\Rey Christian\.gradle\wrapper\dists\gradle-8.4-bin\1w5dpkrfk8irigvoxmyhowfim\gradle-8.4\lib\gradle-launcher-8.4.jar
Launcher Type: SUN_STANDARD

[Global flags]
     intx CICompilerCount                          = 2                                         {product} {ergonomic}
     uint ConcGCThreads                            = 1                                         {product} {ergonomic}
     uint G1ConcRefinementThreads                  = 2                                         {product} {ergonomic}
   size_t G1HeapRegionSize                         = 1048576                                   {product} {ergonomic}
    uintx GCDrainStackTargetSize                   = 64                                        {product} {ergonomic}
   size_t InitialHeapSize                          = 65011712                                  {product} {ergonomic}
   size_t MarkStackSize                            = 4194304                                   {product} {ergonomic}
   size_t MaxHeapSize                              = 2147483648                                {product} {command line}
   size_t MaxNewSize                               = 1287651328                                {product} {ergonomic}
   size_t MinHeapDeltaBytes                        = 1048576                                   {product} {ergonomic}
   size_t MinHeapSize                              = 8388608                                   {product} {ergonomic}
    uintx NonNMethodCodeHeapSize                   = 5826188                                {pd product} {ergonomic}
    uintx NonProfiledCodeHeapSize                  = 122916026                              {pd product} {ergonomic}
    uintx ProfiledCodeHeapSize                     = 122916026                              {pd product} {ergonomic}
    uintx ReservedCodeCacheSize                    = 251658240                              {pd product} {ergonomic}
     bool SegmentedCodeCache                       = true                                      {product} {ergonomic}
   size_t SoftMaxHeapSize                          = 2147483648                             {manageable} {ergonomic}
     bool UseCompressedClassPointers               = true                           {product lp64_product} {ergonomic}
     bool UseCompressedOops                        = true                           {product lp64_product} {ergonomic}
     bool UseG1GC                                  = true                                      {product} {ergonomic}
     bool UseLargePagesIndividualAllocation        = false                                  {pd product} {ergonomic}

Logging:
Log output configuration:
 #0: stdout all=warning uptime,level,tags
 #1: stderr all=off uptime,level,tags

Environment Variables:
JAVA_HOME=C:\Program Files\Android\Android Studio1\jbr
PATH=C:\Program Files\Common Files\Oracle\Java\javapath;C:\WINDOWS\system32;C:\WINDOWS;C:\WINDOWS\System32\Wbem;C:\WINDOWS\System32\WindowsPowerShell\v1.0\;C:\WINDOWS\System32\OpenSSH\;C:\Program Files\Java\jdk-21\bin;C:\Users\Rey Christian\AppData\Local\Android\Sdk\platform-tools;C:\Program Files\Git\cmd;C:\Users\Rey Christian\AppData\Local\Microsoft\WindowsApps
USERNAME=Rey Christian
OS=Windows_NT
PROCESSOR_IDENTIFIER=Intel64 Family 6 Model 156 Stepping 0, GenuineIntel
TMP=C:\Users\REYCHR~1\AppData\Local\Temp
TEMP=C:\Users\REYCHR~1\AppData\Local\Temp



Periodic native trim disabled

JNI global refs:
JNI global refs: 24, weak refs: 0

JNI global refs memory usage: 843, weak refs: 209

OOME stack traces (most recent first):
Classloader memory used:
Loader org.gradle.internal.classloader.VisitableURLClassLoader                         : 3296K
Loader bootstrap                                                                       : 2441K
Loader org.gradle.initialization.MixInLegacyTypesClassLoader                           : 732K
Loader org.gradle.internal.classloader.VisitableURLClassLoader$InstrumentingVisitableURLClassLoader: 91174B
Loader org.gradle.internal.classloader.VisitableURLClassLoader                         : 75449B
Loader jdk.internal.loader.ClassLoaders$PlatformClassLoader                            : 66669B
Loader jdk.internal.loader.ClassLoaders$AppClassLoader                                 : 28451B
Loader jdk.internal.reflect.DelegatingClassLoader                                      : 25014B
Loader org.gradle.groovy.scripts.internal.DefaultScriptCompilationHandler$ScriptClassLoader: 10898B
Loader org.codehaus.groovy.runtime.callsite.CallSiteClassLoader                        : 6363B

Classes loaded by more than one classloader:
Class org.gradle.internal.Cast                                                        : loaded 3 times (x 69B)
Class org.gradle.api.GradleException                                                  : loaded 3 times (x 80B)
Class org.jetbrains.plugins.gradle.model.MavenRepositoryModel                         : loaded 2 times (x 68B)
Class org.gradle.internal.classpath.ClassPath                                         : loaded 2 times (x 68B)
Class org.gradle.api.internal.classpath.DefaultModuleRegistry                         : loaded 2 times (x 84B)
Class org.gradle.internal.exceptions.NonGradleCauseExceptionsHolder                   : loaded 2 times (x 68B)
Class Settings_gradle$1$1                                                             : loaded 2 times (x 72B)
Class com.intellij.openapi.externalSystem.model.ExternalSystemException               : loaded 2 times (x 84B)
Class org.gradle.api.Action                                                           : loaded 2 times (x 68B)
Class org.jetbrains.kotlin.idea.gradleTooling.model.samWithReceiver.SamWithReceiverModel: loaded 2 times (x 68B)
Class org.jetbrains.plugins.gradle.model.ExternalProject                              : loaded 2 times (x 68B)
Class org.jetbrains.plugins.gradle.model.IntelliJSettings                             : loaded 2 times (x 68B)
Class org.jetbrains.kotlin.idea.gradleTooling.KotlinMPPGradleModel                    : loaded 2 times (x 68B)
Class org.gradle.api.internal.DefaultClassPathProvider                                : loaded 2 times (x 74B)
Class org.gradle.internal.installation.GradleInstallation$1                           : loaded 2 times (x 73B)
Class org.gradle.internal.exceptions.DefaultMultiCauseException                       : loaded 2 times (x 89B)
Class org.gradle.tooling.model.UnsupportedMethodException                             : loaded 2 times (x 80B)
Class org.gradle.util.GradleVersion                                                   : loaded 2 times (x 81B)
Class org.gradle.internal.classloader.FilteringClassLoader                            : loaded 2 times (x 103B)
Class org.gradle.tooling.model.Model                                                  : loaded 2 times (x 68B)
Class sync_studio_tooling40017_513i4ci8avkttkax96zhseetr$_run_closure1                : loaded 2 times (x 137B)
Class org.gradle.internal.classpath.DefaultClassPath$ImmutableUniqueList$Builder      : loaded 2 times (x 73B)
Class org.jetbrains.kotlin.idea.gradleTooling.KotlinSourceSetContainer                : loaded 2 times (x 68B)
Class org.gradle.internal.classloader.ClassLoaderVisitor                              : loaded 2 times (x 74B)
Class org.gradle.internal.time.DefaultCountdownTimer                                  : loaded 2 times (x 86B)
Class org.gradle.internal.service.DefaultServiceLocator                               : loaded 2 times (x 81B)
Class org.gradle.internal.service.UnknownServiceException                             : loaded 2 times (x 81B)
Class org.jetbrains.plugins.gradle.model.DependencyAccessorsModel                     : loaded 2 times (x 68B)
Class org.gradle.internal.classloader.DefaultClassLoaderFactory                       : loaded 2 times (x 80B)
Class org.jetbrains.plugins.gradle.model.GradleExtensions                             : loaded 2 times (x 68B)
Class org.jetbrains.plugins.gradle.model.VersionCatalogsModel                         : loaded 2 times (x 68B)
Class org.gradle.internal.classloader.VisitableURLClassLoader$Spec                    : loaded 2 times (x 72B)
Class org.gradle.tooling.model.ProjectModel                                           : loaded 2 times (x 68B)
Class org.gradle.internal.time.MonotonicClock                                         : loaded 2 times (x 75B)
Class org.gradle.tooling.internal.gradle.DefaultProjectIdentifier                     : loaded 2 times (x 84B)
Class org.gradle.api.internal.classpath.ModuleRegistry                                : loaded 2 times (x 68B)
Class org.jetbrains.plugins.gradle.model.RepositoriesModel                            : loaded 2 times (x 68B)
Class kotlin.jvm.internal.markers.KMappedMarker                                       : loaded 2 times (x 68B)
Class org.gradle.api.internal.ClassPathProvider                                       : loaded 2 times (x 68B)
Class org.gradle.internal.classloader.ClasspathUtil$1                                 : loaded 2 times (x 74B)
Class org.gradle.internal.classloader.ClassLoaderFactory                              : loaded 2 times (x 68B)
Class org.gradle.api.internal.classpath.ManifestUtil                                  : loaded 2 times (x 69B)
Class org.gradle.api.specs.Spec                                                       : loaded 2 times (x 68B)
Class org.gradle.tooling.internal.gradle.GradleBuildIdentity                          : loaded 2 times (x 68B)
Class org.gradle.internal.IoActions                                                   : loaded 2 times (x 69B)
Class org.gradle.api.internal.classpath.EffectiveClassPath                            : loaded 2 times (x 88B)
Class kotlin.jvm.internal.DefaultConstructorMarker                                    : loaded 2 times (x 69B)
Class org.jetbrains.kotlin.idea.gradleTooling.model.annotation.AnnotationBasedPluginModel: loaded 2 times (x 68B)
Class org.jetbrains.kotlin.idea.gradleTooling.model.assignment.AssignmentModel        : loaded 2 times (x 68B)
Class org.gradle.internal.installation.CurrentGradleInstallation                      : loaded 2 times (x 71B)
Class org.gradle.internal.agents.InstrumentingClassLoader                             : loaded 2 times (x 68B)
Class org.gradle.internal.installation.CurrentGradleInstallationLocator               : loaded 2 times (x 69B)
Class org.gradle.api.internal.classpath.Module                                        : loaded 2 times (x 68B)
Class org.gradle.internal.service.CachingServiceLocator                               : loaded 2 times (x 80B)
Class org.gradle.internal.time.Timer                                                  : loaded 2 times (x 68B)
Class org.jetbrains.kotlin.idea.gradleTooling.KotlinDslScriptAdditionalTask           : loaded 2 times (x 68B)
Class org.jetbrains.plugins.gradle.model.tests.ExternalTestsModel                     : loaded 2 times (x 68B)
Class org.gradle.internal.classpath.DefaultClassPath                                  : loaded 2 times (x 88B)
Class ijInit2_3c7r5ill7qam8cf1r2owr8wfy                                               : loaded 2 times (x 177B)
Class com.intellij.openapi.externalSystem.model.project.dependencies.ProjectDependencies: loaded 2 times (x 68B)
Class org.jetbrains.kotlin.idea.gradleTooling.PrepareKotlinIdeImportTaskModel         : loaded 2 times (x 68B)
Class org.gradle.internal.impldep.com.google.common.base.Preconditions                : loaded 2 times (x 69B)
Class kotlin.jvm.functions.Function1                                                  : loaded 2 times (x 68B)
Class org.gradle.internal.time.Time                                                   : loaded 2 times (x 69B)
Class org.gradle.internal.time.TimeSource$1                                           : loaded 2 times (x 75B)
Class org.gradle.internal.classloader.SystemClassLoaderSpec                           : loaded 2 times (x 69B)
Class kotlin.Function                                                                 : loaded 2 times (x 68B)
Class org.gradle.api.UncheckedIOException                                             : loaded 2 times (x 80B)
Class Program                                                                         : loaded 2 times (x 70B)
Class org.gradle.tooling.internal.gradle.GradleProjectIdentity                        : loaded 2 times (x 68B)
Class org.gradle.internal.time.CountdownTimer                                         : loaded 2 times (x 68B)
Class org.gradle.internal.time.Clock                                                  : loaded 2 times (x 68B)
Class org.gradle.internal.classloader.ClasspathUtil                                   : loaded 2 times (x 69B)
Class org.gradle.tooling.model.BuildIdentifier                                        : loaded 2 times (x 68B)
Class org.gradle.api.internal.DefaultClassPathRegistry                                : loaded 2 times (x 74B)
Class org.gradle.api.internal.classpath.DefaultModuleRegistry$DefaultModule           : loaded 2 times (x 84B)
Class org.gradle.internal.time.TimeSource                                             : loaded 2 times (x 68B)
Class org.jetbrains.kotlin.android.synthetic.idea.AndroidExtensionsGradleModel        : loaded 2 times (x 68B)
Class org.gradle.api.internal.classpath.UnknownModuleException                        : loaded 2 times (x 80B)
Class org.jetbrains.plugins.gradle.model.IntelliJProjectSettings                      : loaded 2 times (x 68B)
Class org.gradle.internal.service.ServiceLookupException                              : loaded 2 times (x 80B)
Class org.gradle.cache.GlobalCache                                                    : loaded 2 times (x 68B)
Class org.jetbrains.kotlin.idea.gradleTooling.model.lombok.LombokModel                : loaded 2 times (x 68B)
Class org.gradle.tooling.model.ProjectIdentifier                                      : loaded 2 times (x 68B)
Class [Lorg.gradle.api.internal.ClassPathProvider;                                    : loaded 2 times (x 67B)
Class org.gradle.internal.operations.MultipleBuildOperationFailures                   : loaded 2 times (x 89B)
Class org.gradle.util.internal.GUtil                                                  : loaded 2 times (x 69B)
Class org.jetbrains.plugins.gradle.model.AnnotationProcessingModel                    : loaded 2 times (x 68B)
Class org.gradle.internal.classloader.ClassLoaderSpec                                 : loaded 2 times (x 69B)
Class org.jetbrains.plugins.gradle.model.BuildScriptClasspathModel                    : loaded 2 times (x 68B)
Class org.gradle.internal.classloader.VisitableURLClassLoader                         : loaded 2 times (x 115B)
Class org.gradle.internal.installation.GradleInstallation                             : loaded 2 times (x 73B)
Class org.gradle.api.internal.ClassPathRegistry                                       : loaded 2 times (x 68B)
Class org.gradle.internal.classloader.VisitableURLClassLoader$InstrumentingVisitableURLClassLoader: loaded 2 times (x 121B)
Class org.gradle.internal.classloader.ClassLoaderHierarchy                            : loaded 2 times (x 68B)
Class org.gradle.internal.exceptions.MultiCauseException                              : loaded 2 times (x 68B)
Class org.jetbrains.kotlin.idea.gradleTooling.model.parcelize.ParcelizeGradleModel    : loaded 2 times (x 68B)
Class org.gradle.internal.InternalTransformer                                         : loaded 2 times (x 68B)
Class org.jetbrains.kotlin.idea.gradleTooling.model.noarg.NoArgModel                  : loaded 2 times (x 68B)
Class org.jetbrains.kotlin.idea.gradleTooling.KotlinGradleModel                       : loaded 2 times (x 68B)
Class org.gradle.tooling.internal.gradle.DefaultBuildIdentifier                       : loaded 2 times (x 77B)
Class org.gradle.internal.service.ServiceLocator                                      : loaded 2 times (x 68B)
Class Settings_gradle$1                                                               : loaded 2 times (x 72B)
Class org.jetbrains.kotlin.idea.gradleTooling.model.allopen.AllOpenModel              : loaded 2 times (x 68B)
Class org.gradle.internal.classpath.DefaultClassPath$ImmutableUniqueList              : loaded 2 times (x 159B)
Class org.gradle.internal.time.DefaultTimer                                           : loaded 2 times (x 78B)
Class org.gradle.internal.classpath.TransformedClassPath                              : loaded 2 times (x 94B)
Class sync_studio_tooling40017_513i4ci8avkttkax96zhseetr                              : loaded 2 times (x 177B)
Class Settings_gradle                                                                 : loaded 2 times (x 126B)


---------------  S Y S T E M  ---------------

OS:
 Windows 11 , 64 bit Build 22621 (10.0.22621.3527)
OS uptime: 0 days 5:38 hours
Hyper-V role detected

CPU: total 2 (initial active 2) (2 cores per cpu, 1 threads per core) family 6 model 156 stepping 0 microcode 0x1d, cx8, cmov, fxsr, mmx, 3dnowpref, sse, sse2, sse3, ssse3, sse4.1, sse4.2, popcnt, tsc, tscinvbit, aes, erms, clmul, sha, clflush, clflushopt, clwb, hv
Processor Information for all 2 processors :
  Max Mhz: 1114, Current Mhz: 1114, Mhz Limit: 1114

Memory: 4k page, system-wide physical 3901M (96M free)
TotalPageFile size 15677M (AvailPageFile size 8M)
current process WorkingSet (physical memory assigned to process): 173M, peak: 183M
current process commit charge ("private bytes"): 271M, peak: 274M

vm_info: OpenJDK 64-Bit Server VM (17.0.9+0--11185874) for windows-amd64 JRE (17.0.9+0--11185874), built on Dec  6 2023 18:57:44 by "androidbuild" with MS VC++ 16.10 / 16.11 (VS2019)

END.
